{"/Users/bytedance/Desktop/PE/my-react/src/utils/indexedDB.ts": {"path":"/Users/bytedance/Desktop/PE/my-react/src/utils/indexedDB.ts","statementMap":{"0":{"start":{"line":4,"column":2},"end":{"line":39,"column":5}},"1":{"start":{"line":5,"column":4},"end":{"line":5,"column":48}},"2":{"start":{"line":6,"column":4},"end":{"line":15,"column":6}},"3":{"start":{"line":7,"column":6},"end":{"line":7,"column":39}},"4":{"start":{"line":8,"column":6},"end":{"line":8,"column":31}},"5":{"start":{"line":9,"column":6},"end":{"line":12,"column":8}},"6":{"start":{"line":10,"column":8},"end":{"line":10,"column":20}},"7":{"start":{"line":11,"column":8},"end":{"line":11,"column":63}},"8":{"start":{"line":13,"column":6},"end":{"line":13,"column":22}},"9":{"start":{"line":14,"column":6},"end":{"line":14,"column":18}},"10":{"start":{"line":16,"column":4},"end":{"line":33,"column":6}},"11":{"start":{"line":17,"column":6},"end":{"line":17,"column":37}},"12":{"start":{"line":18,"column":6},"end":{"line":18,"column":31}},"13":{"start":{"line":19,"column":6},"end":{"line":22,"column":7}},"14":{"start":{"line":20,"column":22},"end":{"line":20,"column":69}},"15":{"start":{"line":21,"column":8},"end":{"line":21,"column":67}},"16":{"start":{"line":32,"column":6},"end":{"line":32,"column":56}},"17":{"start":{"line":35,"column":4},"end":{"line":38,"column":6}},"18":{"start":{"line":36,"column":6},"end":{"line":36,"column":37}},"19":{"start":{"line":37,"column":6},"end":{"line":37,"column":48}},"20":{"start":{"line":3,"column":0},"end":{"line":3,"column":16}},"21":{"start":{"line":43,"column":2},"end":{"line":54,"column":5}},"22":{"start":{"line":44,"column":26},"end":{"line":44,"column":56}},"23":{"start":{"line":45,"column":4},"end":{"line":45,"column":48}},"24":{"start":{"line":46,"column":4},"end":{"line":49,"column":6}},"25":{"start":{"line":47,"column":6},"end":{"line":47,"column":37}},"26":{"start":{"line":48,"column":6},"end":{"line":48,"column":20}},"27":{"start":{"line":50,"column":4},"end":{"line":53,"column":6}},"28":{"start":{"line":51,"column":6},"end":{"line":51,"column":35}},"29":{"start":{"line":52,"column":6},"end":{"line":52,"column":39}},"30":{"start":{"line":42,"column":0},"end":{"line":42,"column":16}},"31":{"start":{"line":57,"column":43},"end":{"line":57,"column":47}},"32":{"start":{"line":58,"column":2},"end":{"line":60,"column":3}},"33":{"start":{"line":59,"column":4},"end":{"line":59,"column":75}},"34":{"start":{"line":61,"column":2},"end":{"line":61,"column":42}},"35":{"start":{"line":62,"column":2},"end":{"line":62,"column":21}},"36":{"start":{"line":56,"column":0},"end":{"line":56,"column":16}},"37":{"start":{"line":70,"column":2},"end":{"line":70,"column":30}},"38":{"start":{"line":71,"column":2},"end":{"line":96,"column":5}},"39":{"start":{"line":72,"column":4},"end":{"line":95,"column":5}},"40":{"start":{"line":73,"column":26},"end":{"line":73,"column":63}},"41":{"start":{"line":74,"column":6},"end":{"line":76,"column":8}},"42":{"start":{"line":75,"column":8},"end":{"line":75,"column":46}},"43":{"start":{"line":77,"column":6},"end":{"line":79,"column":8}},"44":{"start":{"line":78,"column":8},"end":{"line":78,"column":48}},"45":{"start":{"line":80,"column":20},"end":{"line":80,"column":51}},"46":{"start":{"line":81,"column":18},"end":{"line":81,"column":33}},"47":{"start":{"line":82,"column":6},"end":{"line":84,"column":8}},"48":{"start":{"line":83,"column":8},"end":{"line":83,"column":28}},"49":{"start":{"line":85,"column":6},"end":{"line":92,"column":8}},"50":{"start":{"line":86,"column":8},"end":{"line":91,"column":9}},"51":{"start":{"line":87,"column":10},"end":{"line":87,"column":33}},"52":{"start":{"line":90,"column":10},"end":{"line":90,"column":48}},"53":{"start":{"line":94,"column":6},"end":{"line":94,"column":34}},"54":{"start":{"line":69,"column":0},"end":{"line":69,"column":16}},"55":{"start":{"line":99,"column":2},"end":{"line":115,"column":5}},"56":{"start":{"line":100,"column":4},"end":{"line":114,"column":5}},"57":{"start":{"line":101,"column":26},"end":{"line":101,"column":62}},"58":{"start":{"line":102,"column":20},"end":{"line":102,"column":51}},"59":{"start":{"line":103,"column":18},"end":{"line":103,"column":31}},"60":{"start":{"line":106,"column":6},"end":{"line":108,"column":8}},"61":{"start":{"line":107,"column":8},"end":{"line":107,"column":28}},"62":{"start":{"line":109,"column":6},"end":{"line":111,"column":8}},"63":{"start":{"line":110,"column":8},"end":{"line":110,"column":46}},"64":{"start":{"line":113,"column":6},"end":{"line":113,"column":34}},"65":{"start":{"line":98,"column":0},"end":{"line":98,"column":16}},"66":{"start":{"line":118,"column":2},"end":{"line":131,"column":5}},"67":{"start":{"line":119,"column":4},"end":{"line":130,"column":5}},"68":{"start":{"line":120,"column":26},"end":{"line":120,"column":62}},"69":{"start":{"line":121,"column":20},"end":{"line":121,"column":51}},"70":{"start":{"line":122,"column":24},"end":{"line":122,"column":48}},"71":{"start":{"line":123,"column":18},"end":{"line":123,"column":59}},"72":{"start":{"line":124,"column":6},"end":{"line":126,"column":8}},"73":{"start":{"line":125,"column":8},"end":{"line":125,"column":28}},"74":{"start":{"line":127,"column":6},"end":{"line":129,"column":8}},"75":{"start":{"line":128,"column":8},"end":{"line":128,"column":46}},"76":{"start":{"line":117,"column":0},"end":{"line":117,"column":16}}},"fnMap":{"0":{"name":"init","decl":{"start":{"line":3,"column":16},"end":{"line":3,"column":20}},"loc":{"start":{"line":3,"column":46},"end":{"line":40,"column":1}}},"1":{"name":"(anonymous_1)","decl":{"start":{"line":4,"column":21},"end":{"line":4,"column":22}},"loc":{"start":{"line":4,"column":41},"end":{"line":39,"column":3}}},"2":{"name":"(anonymous_2)","decl":{"start":{"line":6,"column":28},"end":{"line":6,"column":38}},"loc":{"start":{"line":6,"column":43},"end":{"line":15,"column":5}}},"3":{"name":"(anonymous_3)","decl":{"start":{"line":9,"column":27},"end":{"line":9,"column":null}},"loc":{"start":{"line":9,"column":27},"end":{"line":12,"column":7}}},"4":{"name":"(anonymous_4)","decl":{"start":{"line":16,"column":34},"end":{"line":16,"column":44}},"loc":{"start":{"line":16,"column":49},"end":{"line":33,"column":5}}},"5":{"name":"(anonymous_5)","decl":{"start":{"line":35,"column":26},"end":{"line":35,"column":36}},"loc":{"start":{"line":35,"column":41},"end":{"line":38,"column":5}}},"6":{"name":"delDb","decl":{"start":{"line":42,"column":16},"end":{"line":42,"column":21}},"loc":{"start":{"line":42,"column":34},"end":{"line":55,"column":1}}},"7":{"name":"(anonymous_7)","decl":{"start":{"line":43,"column":21},"end":{"line":43,"column":22}},"loc":{"start":{"line":43,"column":41},"end":{"line":54,"column":3}}},"8":{"name":"(anonymous_8)","decl":{"start":{"line":46,"column":30},"end":{"line":46,"column":null}},"loc":{"start":{"line":46,"column":30},"end":{"line":49,"column":5}}},"9":{"name":"(anonymous_9)","decl":{"start":{"line":50,"column":28},"end":{"line":50,"column":null}},"loc":{"start":{"line":50,"column":28},"end":{"line":53,"column":5}}},"10":{"name":"createObjectStore","decl":{"start":{"line":56,"column":16},"end":{"line":56,"column":33}},"loc":{"start":{"line":56,"column":64},"end":{"line":63,"column":1}}},"11":{"name":"addBook","decl":{"start":{"line":69,"column":16},"end":{"line":69,"column":23}},"loc":{"start":{"line":69,"column":34},"end":{"line":97,"column":1}}},"12":{"name":"(anonymous_12)","decl":{"start":{"line":71,"column":21},"end":{"line":71,"column":22}},"loc":{"start":{"line":71,"column":41},"end":{"line":96,"column":3}}},"13":{"name":"(anonymous_13)","decl":{"start":{"line":74,"column":31},"end":{"line":74,"column":null}},"loc":{"start":{"line":74,"column":31},"end":{"line":76,"column":7}}},"14":{"name":"(anonymous_14)","decl":{"start":{"line":77,"column":28},"end":{"line":77,"column":null}},"loc":{"start":{"line":77,"column":28},"end":{"line":79,"column":7}}},"15":{"name":"(anonymous_15)","decl":{"start":{"line":82,"column":22},"end":{"line":82,"column":null}},"loc":{"start":{"line":82,"column":22},"end":{"line":84,"column":7}}},"16":{"name":"(anonymous_16)","decl":{"start":{"line":85,"column":20},"end":{"line":85,"column":30}},"loc":{"start":{"line":85,"column":35},"end":{"line":92,"column":7}}},"17":{"name":"getBook","decl":{"start":{"line":98,"column":16},"end":{"line":98,"column":23}},"loc":{"start":{"line":98,"column":34},"end":{"line":116,"column":1}}},"18":{"name":"(anonymous_18)","decl":{"start":{"line":99,"column":21},"end":{"line":99,"column":22}},"loc":{"start":{"line":99,"column":41},"end":{"line":115,"column":3}}},"19":{"name":"(anonymous_19)","decl":{"start":{"line":106,"column":22},"end":{"line":106,"column":null}},"loc":{"start":{"line":106,"column":22},"end":{"line":108,"column":7}}},"20":{"name":"(anonymous_20)","decl":{"start":{"line":109,"column":20},"end":{"line":109,"column":null}},"loc":{"start":{"line":109,"column":20},"end":{"line":111,"column":7}}},"21":{"name":"getBookByIndex","decl":{"start":{"line":117,"column":16},"end":{"line":117,"column":30}},"loc":{"start":{"line":117,"column":30},"end":{"line":132,"column":1}}},"22":{"name":"(anonymous_22)","decl":{"start":{"line":118,"column":21},"end":{"line":118,"column":22}},"loc":{"start":{"line":118,"column":41},"end":{"line":131,"column":3}}},"23":{"name":"(anonymous_23)","decl":{"start":{"line":124,"column":22},"end":{"line":124,"column":null}},"loc":{"start":{"line":124,"column":22},"end":{"line":126,"column":7}}},"24":{"name":"(anonymous_24)","decl":{"start":{"line":127,"column":20},"end":{"line":127,"column":null}},"loc":{"start":{"line":127,"column":20},"end":{"line":129,"column":7}}}},"branchMap":{"0":{"loc":{"start":{"line":3,"column":35},"end":{"line":3,"column":46}},"type":"default-arg","locations":[{"start":{"line":3,"column":45},"end":{"line":3,"column":46}}]},"1":{"loc":{"start":{"line":19,"column":6},"end":{"line":22,"column":7}},"type":"if","locations":[{"start":{"line":19,"column":6},"end":{"line":22,"column":7}}]},"2":{"loc":{"start":{"line":58,"column":2},"end":{"line":60,"column":3}},"type":"if","locations":[{"start":{"line":58,"column":2},"end":{"line":60,"column":3}}]},"3":{"loc":{"start":{"line":59,"column":56},"end":{"line":59,"column":71}},"type":"binary-expr","locations":[{"start":{"line":59,"column":56},"end":{"line":59,"column":63}},{"start":{"line":59,"column":67},"end":{"line":59,"column":71}}]},"4":{"loc":{"start":{"line":72,"column":4},"end":{"line":95,"column":5}},"type":"if","locations":[{"start":{"line":72,"column":4},"end":{"line":95,"column":5}},{"start":{"line":93,"column":11},"end":{"line":95,"column":5}}]},"5":{"loc":{"start":{"line":86,"column":8},"end":{"line":91,"column":9}},"type":"if","locations":[{"start":{"line":86,"column":8},"end":{"line":91,"column":9}},{"start":{"line":89,"column":15},"end":{"line":91,"column":9}}]},"6":{"loc":{"start":{"line":100,"column":4},"end":{"line":114,"column":5}},"type":"if","locations":[{"start":{"line":100,"column":4},"end":{"line":114,"column":5}},{"start":{"line":112,"column":11},"end":{"line":114,"column":5}}]},"7":{"loc":{"start":{"line":119,"column":4},"end":{"line":130,"column":5}},"type":"if","locations":[{"start":{"line":119,"column":4},"end":{"line":130,"column":5}}]}},"s":{"0":0,"1":0,"2":0,"3":0,"4":0,"5":0,"6":0,"7":0,"8":0,"9":0,"10":0,"11":0,"12":0,"13":0,"14":0,"15":0,"16":0,"17":0,"18":0,"19":0,"20":0,"21":0,"22":0,"23":0,"24":0,"25":0,"26":0,"27":0,"28":0,"29":0,"30":0,"31":0,"32":0,"33":0,"34":0,"35":0,"36":0,"37":0,"38":0,"39":0,"40":0,"41":0,"42":0,"43":0,"44":0,"45":0,"46":0,"47":0,"48":0,"49":0,"50":0,"51":0,"52":0,"53":0,"54":0,"55":0,"56":0,"57":0,"58":0,"59":0,"60":0,"61":0,"62":0,"63":0,"64":0,"65":0,"66":0,"67":0,"68":0,"69":0,"70":0,"71":0,"72":0,"73":0,"74":0,"75":0,"76":0},"f":{"0":0,"1":0,"2":0,"3":0,"4":0,"5":0,"6":0,"7":0,"8":0,"9":0,"10":0,"11":0,"12":0,"13":0,"14":0,"15":0,"16":0,"17":0,"18":0,"19":0,"20":0,"21":0,"22":0,"23":0,"24":0},"b":{"0":[0],"1":[0],"2":[0],"3":[0,0],"4":[0,0],"5":[0,0],"6":[0,0],"7":[0]}}
,"/Users/bytedance/Desktop/PE/my-react/src/utils/math.ts": {"path":"/Users/bytedance/Desktop/PE/my-react/src/utils/math.ts","statementMap":{"0":{"start":{"line":1,"column":19},"end":{"line":3,"column":1}},"1":{"start":{"line":2,"column":2},"end":{"line":2,"column":15}},"2":{"start":{"line":1,"column":13},"end":{"line":1,"column":19}},"3":{"start":{"line":8,"column":19},"end":{"line":19,"column":1}},"4":{"start":{"line":13,"column":17},"end":{"line":15,"column":null}},"5":{"start":{"line":14,"column":19},"end":{"line":14,"column":59}},"6":{"start":{"line":18,"column":2},"end":{"line":18,"column":54}},"7":{"start":{"line":8,"column":13},"end":{"line":8,"column":19}},"8":{"start":{"line":21,"column":27},"end":{"line":26,"column":1}},"9":{"start":{"line":22,"column":2},"end":{"line":25,"column":4}},"10":{"start":{"line":21,"column":13},"end":{"line":21,"column":27}}},"fnMap":{"0":{"name":"(anonymous_0)","decl":{"start":{"line":1,"column":19},"end":{"line":1,"column":20}},"loc":{"start":{"line":1,"column":52},"end":{"line":3,"column":1}}},"1":{"name":"(anonymous_1)","decl":{"start":{"line":8,"column":19},"end":{"line":8,"column":null}},"loc":{"start":{"line":12,"column":7},"end":{"line":19,"column":1}}},"2":{"name":"(anonymous_2)","decl":{"start":{"line":14,"column":4},"end":{"line":14,"column":5}},"loc":{"start":{"line":14,"column":19},"end":{"line":14,"column":59}}},"3":{"name":"(anonymous_3)","decl":{"start":{"line":21,"column":27},"end":{"line":21,"column":30}},"loc":{"start":{"line":21,"column":32},"end":{"line":26,"column":1}}}},"branchMap":{"0":{"loc":{"start":{"line":14,"column":19},"end":{"line":14,"column":59}},"type":"cond-expr","locations":[{"start":{"line":14,"column":39},"end":{"line":14,"column":47}},{"start":{"line":14,"column":50},"end":{"line":14,"column":59}}]},"1":{"loc":{"start":{"line":18,"column":9},"end":{"line":18,"column":53}},"type":"cond-expr","locations":[{"start":{"line":18,"column":32},"end":{"line":18,"column":38}},{"start":{"line":18,"column":41},"end":{"line":18,"column":53}}]}},"s":{"0":3,"1":1,"2":3,"3":3,"4":1,"5":3,"6":1,"7":3,"8":3,"9":4,"10":3},"f":{"0":1,"1":1,"2":3,"3":4},"b":{"0":[3,0],"1":[1,0]}}
}
