TN:
SF:src/utils/indexedDB.ts
FN:3,init
FN:4,(anonymous_1)
FN:6,(anonymous_2)
FN:9,(anonymous_3)
FN:16,(anonymous_4)
FN:35,(anonymous_5)
FN:42,delDb
FN:43,(anonymous_7)
FN:46,(anonymous_8)
FN:50,(anonymous_9)
FN:56,createObjectStore
FN:69,addBook
FN:71,(anonymous_12)
FN:74,(anonymous_13)
FN:77,(anonymous_14)
FN:82,(anonymous_15)
FN:85,(anonymous_16)
FN:98,getBook
FN:99,(anonymous_18)
FN:106,(anonymous_19)
FN:109,(anonymous_20)
FN:117,getBookByIndex
FN:118,(anonymous_22)
FN:124,(anonymous_23)
FN:127,(anonymous_24)
FNF:25
FNH:0
FNDA:0,init
FNDA:0,(anonymous_1)
FNDA:0,(anonymous_2)
FNDA:0,(anonymous_3)
FNDA:0,(anonymous_4)
FNDA:0,(anonymous_5)
FNDA:0,delDb
FNDA:0,(anonymous_7)
FNDA:0,(anonymous_8)
FNDA:0,(anonymous_9)
FNDA:0,createObjectStore
FNDA:0,addBook
FNDA:0,(anonymous_12)
FNDA:0,(anonymous_13)
FNDA:0,(anonymous_14)
FNDA:0,(anonymous_15)
FNDA:0,(anonymous_16)
FNDA:0,getBook
FNDA:0,(anonymous_18)
FNDA:0,(anonymous_19)
FNDA:0,(anonymous_20)
FNDA:0,getBookByIndex
FNDA:0,(anonymous_22)
FNDA:0,(anonymous_23)
FNDA:0,(anonymous_24)
DA:3,0
DA:4,0
DA:5,0
DA:6,0
DA:7,0
DA:8,0
DA:9,0
DA:10,0
DA:11,0
DA:13,0
DA:14,0
DA:16,0
DA:17,0
DA:18,0
DA:19,0
DA:20,0
DA:21,0
DA:32,0
DA:35,0
DA:36,0
DA:37,0
DA:42,0
DA:43,0
DA:44,0
DA:45,0
DA:46,0
DA:47,0
DA:48,0
DA:50,0
DA:51,0
DA:52,0
DA:56,0
DA:57,0
DA:58,0
DA:59,0
DA:61,0
DA:62,0
DA:69,0
DA:70,0
DA:71,0
DA:72,0
DA:73,0
DA:74,0
DA:75,0
DA:77,0
DA:78,0
DA:80,0
DA:81,0
DA:82,0
DA:83,0
DA:85,0
DA:86,0
DA:87,0
DA:90,0
DA:94,0
DA:98,0
DA:99,0
DA:100,0
DA:101,0
DA:102,0
DA:103,0
DA:106,0
DA:107,0
DA:109,0
DA:110,0
DA:113,0
DA:117,0
DA:118,0
DA:119,0
DA:120,0
DA:121,0
DA:122,0
DA:123,0
DA:124,0
DA:125,0
DA:127,0
DA:128,0
LF:77
LH:0
BRDA:3,0,0,0
BRDA:19,1,0,0
BRDA:58,2,0,0
BRDA:59,3,0,0
BRDA:59,3,1,0
BRDA:72,4,0,0
BRDA:72,4,1,0
BRDA:86,5,0,0
BRDA:86,5,1,0
BRDA:100,6,0,0
BRDA:100,6,1,0
BRDA:119,7,0,0
BRF:12
BRH:0
end_of_record
TN:
SF:src/utils/math.ts
FN:1,(anonymous_0)
FN:8,(anonymous_1)
FN:14,(anonymous_2)
FN:21,(anonymous_3)
FN:31,(anonymous_4)
FN:32,(anonymous_5)
FN:33,(anonymous_6)
FNF:7
FNH:7
FNDA:1,(anonymous_0)
FNDA:1,(anonymous_1)
FNDA:3,(anonymous_2)
FNDA:4,(anonymous_3)
FNDA:1,(anonymous_4)
FNDA:1,(anonymous_5)
FNDA:1,(anonymous_6)
DA:1,3
DA:2,1
DA:8,3
DA:13,1
DA:14,3
DA:18,1
DA:21,3
DA:22,4
DA:31,3
DA:32,1
DA:33,1
DA:34,1
LF:12
LH:12
BRDA:14,0,0,3
BRDA:14,0,1,0
BRDA:18,1,0,1
BRDA:18,1,1,0
BRF:4
BRH:2
end_of_record
